[    0.000000] Linux version 4.15.0-91-generic (buildd@lgw01-amd64-013) (gcc version 7.4.0 (Ubuntu 7.4.0-1ubuntu1~18.04.1)) #92-Ubuntu SMP Fri Feb 28 11:09:48 UTC 2020 (Ubuntu 4.15.0-91.92-generic 4.15.18)
[    0.000000] Command line: BOOT_IMAGE=/boot/vmlinuz-4.15.0-91-generic root=LABEL=cloudimg-rootfs ro console=tty1 console=ttyS0
[    0.000000] KERNEL supported cpus:
[    0.000000]   Intel GenuineIntel
[    0.000000]   AMD AuthenticAMD
[    0.000000]   Centaur CentaurHauls
[    0.000000] x86/fpu: Supporting XSAVE feature 0x001: 'x87 floating point registers'
[    0.000000] x86/fpu: Supporting XSAVE feature 0x002: 'SSE registers'
[    0.000000] x86/fpu: Supporting XSAVE feature 0x004: 'AVX registers'
[    0.000000] x86/fpu: xstate_offset[2]:  576, xstate_sizes[2]:  256
[    0.000000] x86/fpu: Enabled xstate features 0x7, context size is 832 bytes, using 'standard' format.   0.000000] e820: BIOS-provided physical RAM map:
[    0.000000] BIOS-e820: [mem 0x0000000000000000-0x000000000009fbff] usable
[    0.000000] BIOS-e820: [mem 0x000000000009fc00-0x000000000009ffff] reserved
[    0.000000] BIOS-e820: [mem 0x00000000000f0000-0x00000000000fffff] reserved
[    0.000000] BIOS-e820: [mem 0x0000000000100000-0x000000003ffeffff] usable
[    0.000000] BIOS-e820: [mem 0x000000003fff0000-0x000000003fffffff] ACPI data
[    0.000000] BIOS-e820: [mem 0x00000000fec00000-0x00000000fec00fff] reserved
[    0.000000] BIOS-e820: [mem 0x00000000fee00000-0x00000000fee00fff] reserved
[    0.000000] BIOS-e820: [mem 0x00000000fffc0000-0x00000000ffffffff] reserved
[    0.000000] NX (Execute Disable) protection: active
[    0.000000] SMBIOS 2.5 present.
[    0.000000] DMI: innotek GmbH VirtualBox/VirtualBox, BIOS VirtualBox 12/01/2006
[    0.000000] Hypervisor detected: KVM
[    0.000000] e820: last_pfn = 0x3fff0 max_arch_pfn = 0x400000000
[    0.000000] MTRR: Disabled
[    0.000000] x86/PAT: MTRRs disabled, skipping PAT initialization too.
[    0.000000] CPU MTRRs all blank - virtualized system.
[    0.000000] x86/PAT: Configuration [0-7]: WB  WT  UC- UC  WB  WT  UC- UC  
[    0.000000] found SMP MP-table at [mem 0x0009fff0-0x0009ffff]
[    0.000000] Scanning 1 areas for low memory corruption
[    0.000000] RAMDISK: [mem 0x35a6b000-0x36d2cfff]
[    0.000000] ACPI: Early table checksum verification disabled
[    0.000000] ACPI: RSDP 0x00000000000E0000 000024 (v02 VBOX  )
[    0.000000] ACPI: XSDT 0x000000003FFF0030 00003C (v01 VBOX   VBOXXSDT 00000001 ASL  00000061)
[    0.000000] ACPI: FACP 0x000000003FFF00F0 0000F4 (v04 VBOX   VBOXFACP 00000001 ASL  00000061)
[    0.000000] ACPI: DSDT 0x000000003FFF0470 0022EA (v02 VBOX   VBOXBIOS 00000002 INTL 20100528)
[    0.000000] ACPI: FACS 0x000000003FFF0200 000040
[    0.000000] ACPI: FACS 0x000000003FFF0200 000040
[    0.000000] ACPI: APIC 0x000000003FFF0240 00005C (v02 VBOX   VBOXAPIC 00000001 ASL  00000061)
[    0.000000] ACPI: SSDT 0x000000003FFF02A0 0001CC (v01 VBOX   VBOXCPUT 00000002 INTL 20100528)
[    0.000000] No NUMA configuration found
[    0.000000] Faking a node at [mem 0x0000000000000000-0x000000003ffeffff]
[    0.000000] NODE_DATA(0) allocated [mem 0x3ffc5000-0x3ffeffff]
[    0.000000] kvm-clock: cpu 0, msr 0:3ff44001, primary cpu clock
[    0.000000] kvm-clock: Using msrs 4b564d01 and 4b564d00
[    0.000000] kvm-clock: using sched offset of 4170116701 cycles
[    0.000000] clocksource: kvm-clock: mask: 0xffffffffffffffff max_cycles: 0x1cd42e4dffb, max_idle_ns: 881590591483 ns
[    0.000000] Zone ranges:
[    0.000000]   DMA      [mem 0x0000000000001000-0x0000000000ffffff]
[    0.000000]   DMA32    [mem 0x0000000001000000-0x000000003ffeffff]
[    0.000000]   Normal   empty
[    0.000000]   Device   empty
[    0.000000] Movable zone start for each node
[    0.000000] Early memory node ranges
[    0.000000]   node   0: [mem 0x0000000000001000-0x000000000009efff]
[    0.000000]   node   0: [mem 0x0000000000100000-0x000000003ffeffff]
[    0.000000] Reserved but unavailable: 98 pages
[    0.000000] Initmem setup node 0 [mem 0x0000000000001000-0x000000003ffeffff]
[    0.000000] ACPI: PM-Timer IO Port: 0x4008
[    0.000000] IOAPIC[0]: apic_id 2, version 32, address 0xfec00000, GSI 0-23
[    0.000000] ACPI: INT_SRC_OVR (bus 0 bus_irq 0 global_irq 2 dfl dfl)
[    0.000000] ACPI: INT_SRC_OVR (bus 0 bus_irq 9 global_irq 9 low level)
[    0.000000] Using ACPI (MADT) for SMP configuration information
[    0.000000] smpboot: Allowing 2 CPUs, 0 hotplug CPUs
[    0.000000] PM: Registered nosave memory: [mem 0x00000000-0x00000fff]
[    0.000000] PM: Registered nosave memory: [mem 0x0009f000-0x0009ffff]
[    0.000000] PM: Registered nosave memory: [mem 0x000a0000-0x000effff]
[    0.000000] PM: Registered nosave memory: [mem 0x000f0000-0x000fffff]
[    0.000000] e820: [mem 0x40000000-0xfebfffff] available for PCI devices
[    0.000000] Booting paravirtualized kernel on KVM
[    0.000000] clocksource: refined-jiffies: mask: 0xffffffff max_cycles: 0xffffffff, max_idle_ns: 7645519600211568 ns
[    0.000000] random: get_random_bytes called from start_kernel+0x99/0x4fd with crng_init=0
[    0.000000] setup_percpu: NR_CPUS:8192 nr_cpumask_bits:2 nr_cpu_ids:2 nr_node_ids:1
[    0.000000] percpu: Embedded 45 pages/cpu s147456 r8192 d28672 u1048576
[    0.000000] PV qspinlock hash table entries: 256 (order: 0, 4096 bytes)
[    0.000000] Built 1 zonelists, mobility grouping on.  Total pages: 257913
[    0.000000] Policy zone: DMA32
[    0.000000] Kernel command line: BOOT_IMAGE=/boot/vmlinuz-4.15.0-91-generic root=LABEL=cloudimg-rootfs ro console=tty1 console=ttyS0
[    0.000000] Memory: 983060K/1048120K available (12300K kernel code, 2481K rwdata, 4264K rodata, 2432K init, 2712K bss, 65060K reserved, 0K cma-reserved)
[    0.000000] SLUB: HWalign=64, Order=0-3, MinObjects=0, CPUs=2, Nodes=1
[    0.000000] Kernel/User page tables isolation: enabled
[    0.000000] ftrace: allocating 39347 entries in 154 pages
[    0.004000] Hierarchical RCU implementation.
[    0.004000] 	RCU restricting CPUs from NR_CPUS=8192 to nr_cpu_ids=2.
[    0.004000] 	Tasks RCU enabled.
[    0.004000] RCU: Adjusting geometry for rcu_fanout_leaf=16, nr_cpu_ids=2
[    0.004000] NR_IRQS: 524544, nr_irqs: 440, preallocated irqs: 16
[    0.004000] Console: colour VGA+ 80x25
[    0.004000] console [tty1] enabled
[    0.004000] console [ttyS0] enabled
[    0.004000] ACPI: Core revision 20170831
[    0.004000] ACPI: 2 ACPI AML tables successfully acquired and loaded
[    0.004000] APIC: Switch to symmetric I/O mode setup
[    0.004000] x2apic enabled
[    0.004006] Switched APIC routing to physical x2apic.
[    0.007820] ..TIMER: vector=0x30 apic1=0 pin1=2 apic2=-1 pin2=-1
[    0.008003] tsc: Detected 1799.998 MHz processor
[    0.012010] Calibrating delay loop (skipped) preset value.. 3599.99 BogoMIPS (lpj=7199992)
[    0.016003] pid_max: default: 32768 minimum: 301
[    0.019444] Security Framework initialized
[    0.020005] Yama: becoming mindful.
[    0.024024] AppArmor: AppArmor initialized
[    0.028000] Dentry cache hash table entries: 131072 (order: 8, 1048576 bytes)
[    0.028072] Inode-cache hash table entries: 65536 (order: 7, 524288 bytes)
[    0.032027] Mount-cache hash table entries: 2048 (order: 2, 16384 bytes)
[    0.036014] Mountpoint-cache hash table entries: 2048 (order: 2, 16384 bytes)
[    0.040298] Last level iTLB entries: 4KB 64, 2MB 8, 4MB 8
[    0.044006] Last level dTLB entries: 4KB 64, 2MB 0, 4MB 0, 1GB 4
[    0.048007] Spectre V1 : Mitigation: usercopy/swapgs barriers and __user pointer sanitization
[    0.052003] Spectre V2 : Mitigation: Full generic retpoline
[    0.054444] Spectre V2 : Spectre v2 / SpectreRSB mitigation: Filling RSB on context switch
[    0.056002] Speculative Store Bypass: Vulnerable
[    0.060046] MDS: Mitigation: Clear CPU buffers
[    0.062260] Freeing SMP alternatives memory: 36K
[    0.176000] smpboot: CPU0: Intel(R) Core(TM) i5-8250U CPU @ 1.60GHz (family: 0x6, model: 0x8e, stepping: 0xa)
[    0.176083] Performance Events: unsupported p6 CPU model 142 no PMU driver, software events only.
[    0.180048] Hierarchical SRCU implementation.
[    0.184546] NMI watchdog: Perf event create on CPU 0 failed with -2
[    0.187442] NMI watchdog: Perf NMI watchdog permanently disabled
[    0.188045] smp: Bringing up secondary CPUs ...
[    0.192079] x86: Booting SMP configuration:
[    0.194298] .... node  #0, CPUs:      #1
[    0.004000] kvm-clock: cpu 1, msr 0:3ff44041, secondary cpu clock
[    0.202977] smp: Brought up 1 node, 2 CPUs
[    0.204005] smpboot: Max logical packages: 1
[    0.206033] smpboot: Total of 2 processors activated (7199.99 BogoMIPS)
[    0.208114] devtmpfs: initialized
[    0.209968] x86/mm: Memory block size: 128MB
[    0.212164] evm: security.selinux
[    0.216003] evm: security.SMACK64
[    0.217515] evm: security.SMACK64EXEC
[    0.219168] evm: security.SMACK64TRANSMUTE
[    0.220002] evm: security.SMACK64MMAP
[    0.224002] evm: security.apparmor
[    0.225719] evm: security.ima
[    0.227261] evm: security.capability
[    0.228110] clocksource: jiffies: mask: 0xffffffff max_cycles: 0xffffffff, max_idle_ns: 7645041785100000 ns
[    0.232008] futex hash table entries: 512 (order: 3, 32768 bytes)
[    0.238740] pinctrl core: initialized pinctrl subsystem
[    0.240110] RTC time: 21:21:36, date: 03/31/20
[    0.244161] NET: Registered protocol family 16
[    0.248090] audit: initializing netlink subsys (disabled)
[    0.250752] audit: type=2000 audit(1585689702.667:1): state=initialized audit_enabled=0 res=1
[    0.256007] cpuidle: using governor ladder
[    0.257876] cpuidle: using governor menu
[    0.259685] ACPI: bus type PCI registered
[    0.260004] acpiphp: ACPI Hot Plug PCI Controller Driver version: 0.5
[    0.264110] PCI: Using configuration type 1 for base access
[    0.268282] HugeTLB registered 2.00 MiB page size, pre-allocated 0 pages
[    0.271016] ACPI: Added _OSI(Module Device)
[    0.272004] ACPI: Added _OSI(Processor Device)
[    0.276003] ACPI: Added _OSI(3.0 _SCP Extensions)
[    0.278371] ACPI: Added _OSI(Processor Aggregator Device)
[    0.280004] ACPI: Added _OSI(Linux-Dell-Video)
[    0.281998] ACPI: Added _OSI(Linux-Lenovo-NV-HDMI-Audio)
[    0.284005] ACPI: Added _OSI(Linux-HPI-Hybrid-Graphics)
[    0.288334] ACPI: Executed 1 blocks of module-level executable AML code
[    0.295258] ACPI: Interpreter enabled
[    0.296015] ACPI: (supports S0 S5)
[    0.300003] ACPI: Using IOAPIC for interrupt routing
[    0.302665] PCI: Using host bridge windows from ACPI; if necessary, use "pci=nocrs" and report a bug
[    0.304199] ACPI: Enabled 2 GPEs in block 00 to 07
[    0.316406] ACPI: PCI Root Bridge [PCI0] (domain 0000 [bus 00-ff])
[    0.320007] acpi PNP0A03:00: _OSC: OS supports [ASPM ClockPM Segments MSI]
[    0.324613] acpi PNP0A03:00: _OSC: not requesting OS control; OS requires [ExtendedConfig ASPM ClockPM MSI]
[    0.328021] acpi PNP0A03:00: fail to add MMCONFIG information, can't access extended PCI configuration space under this bridge.
[    0.332418] PCI host bridge to bus 0000:00
[    0.336004] pci_bus 0000:00: root bus resource [io  0x0000-0x0cf7 window]
[    0.339032] pci_bus 0000:00: root bus resource [io  0x0d00-0xffff window]
[    0.340004] pci_bus 0000:00: root bus resource [mem 0x000a0000-0x000bffff window]
[    0.344006] pci_bus 0000:00: root bus resource [mem 0x40000000-0xfdffffff window]
[    0.348004] pci_bus 0000:00: root bus resource [bus 00-ff]
[    0.354176] pci 0000:00:01.1: legacy IDE quirk: reg 0x10: [io  0x01f0-0x01f7]
[    0.356003] pci 0000:00:01.1: legacy IDE quirk: reg 0x14: [io  0x03f6]
[    0.360003] pci 0000:00:01.1: legacy IDE quirk: reg 0x18: [io  0x0170-0x0177]
[    0.364003] pci 0000:00:01.1: legacy IDE quirk: reg 0x1c: [io  0x0376]
[    0.382751] pci 0000:00:07.0: quirk: [io  0x4000-0x403f] claimed by PIIX4 ACPI
[    0.384034] pci 0000:00:07.0: quirk: [io  0x4100-0x410f] claimed by PIIX4 SMB
[    0.395694] ACPI: PCI Interrupt Link [LNKA] (IRQs 5 9 10 *11)
[    0.396397] ACPI: PCI Interrupt Link [LNKB] (IRQs 5 9 *10 11)
[    0.400144] ACPI: PCI Interrupt Link [LNKC] (IRQs 5 *9 10 11)
[    0.404154] ACPI: PCI Interrupt Link [LNKD] (IRQs 5 9 10 *11)
[    0.408435] SCSI subsystem initialized
[    0.412079] pci 0000:00:02.0: vgaarb: setting as boot VGA device
[    0.415776] pci 0000:00:02.0: vgaarb: VGA device added: decodes=io+mem,owns=io+mem,locks=none
[    0.416013] pci 0000:00:02.0:vaarb: bridge control possible
[    0.420006] vgaarb: loaded
[    0.422595] ACPI: bus type USB registered
[    0.424053] usbcore: registered new interface driver usbfs
[    0.428030] usbcore: registered new interface driver hub
[    0.432039] usbcore: registered new device driver usb
[    0.436088] EDAC MC: Ver: 3.0.0
[    0.438372] PCI: Using ACPI for IRQ routing
[    0.440377] NetLabel: Initializing
[    0.444005] NetLabel:  domain hash size = 128
[    0.446751] NetLabel:  protocols = UNLABELED CIPSOv4 CALIPSO
[    0.448037] NetLabel:  unlabeled traffic allowed by default
[    0.452079] clocksource: Switched to clocksource kvm-clock
[    0.472298] VFS: Disk quotas dquot_6.6.0
[    0.478034] VFS: Dquot-cache hash table entries: 512 (order 0, 4096 bytes)
[    0.482722] AppArmor: AppArmor Filesystem Enabled
[    0.485484] pnp: PnP ACPI init
[    0.488511] pnp: PnP ACPI: found 3 devices
[    0.500354] clocksource: acpi_pm: mask: 0xffffff max_cycles: 0xffffff, max_idle_ns: 2085701024 ns
[    0.504342] NET: Registered protocol family 2
[    0.507046] TCP established hash table entries: 8192 (order: 4, 65536 bytes)
[    0.510504] TCP bind hash table entries: 8192 (order: 5, 131072 bytes)
[    0.516291] TCP: Hash tables configured (established 8192 bind 8192)
[    0.519774] UDP hash table entries: 512 (order: 2, 16384 bytes)
[    0.522625] UDP-Lite hash table entries: 512 (order: 2, 16384 bytes)
[    0.525588] NET: Registered protocol family 1
[    0.528177] pci 0000:00:00.0: Limiting direct PCI/PCI transfers
[    0.531141] pci 0000:00:01.0: Activating ISA DMA hang workarounds
[    0.534089] pci 0000:00:02.0: Video device with shadowed ROM at [mem 0x000c0000-0x000dffff]
[    0.538180] Unpacking initramfs...
[    0.853007] Freeing initrd memory: 19208K
[    0.856536] clocksource: tsc: mask: 0xffffffffffffffff max_cycles: 0x19f227af07c, max_idle_ns: 440795246167 ns
[    0.861397] platform rtc_cmos: registered platform RTC device (no PNP device found)
[    0.864906] Scanning for low memory corruption every 60 seconds
[    0.868223] Initialise system trusted keyrings
[    0.870261] Key type blacklist registered
[    0.872163] workingset: timestamp_bits=36 max_order=18 bucket_order=0
[    0.876000] zbud: loaded
[    0.878191] squashfs: version 4.0 (2009/01/31) Phillip Lougher
[    0.881145] fuse init (API version 7.26)
[    0.885317] Key type asymmetric registered
[    0.887369] Asymmetric key parser 'x509' registered
[    0.889853] Block layer SCSI generic (bsg) driver version 0.4 loaded (major 246)
[    0.893642] io scheduler noop registered
[    0.895616] io scheduler deadline registered
[    0.897775] io scheduler cfq registered (default)
[    0.900429] ACPI: AC Adapter [AC] (on-line)
[    0.902471] input: Power Button as /devices/LNXSYSTM:00/LNXPWRBN:00/input/input0
[    0.906338] ACPI: Power Button [PWRF]
[    0.908189] input: Sleep Button as /devices/LNXSYSTM:00/LNXSLPBN:00/input/input1
[    0.911832] ACPI: Sleep Button [SLPF]
[    0.915005] ACPI: Battery Slot [BAT0] (battery present)
[    0.917455] Serial: 8250/16550 driver, 32 ports, IRQ sharing enabled
[    0.941869] 00:02: ttyS0 at I/O 0x3f8 (irq = 4, base_baud = 115200) is a 16550A
[    0.949414] Linux agpgart interface v0.103
[    0.953191] loop: module loaded
[    0.955231] scsi host0: ata_piix
[    0.957065] scsi host1: ata_piix
[    0.958729] ata1: PATA max UDMA/33 cmd 0x1f0 ctl 0x3f6 bmdma 0xd000 irq 14
[    0.962199] ata2: PATA max UDMA/33 cmd 0x170 ctl 0x376 bmdma 0xd008 irq 15
[    0.965525] libphy: Fixed MDIO Bus: probed
[    0.968210] tun: Universal TUN/TAP device driver, 1.6
[    0.971201] PPP generic driver version 2.4.2
[    0.973587] ehci_hcd: USB 2.0 'Enhanced' Host Controller (EHCI) Driver
[    0.977695] ehci-pci: EHCI PCI platform driver
[    0.980038] ehci-platform: EHCI generic platform driver
[    0.984413] ohci_hcd: USB 1.1 'Open' Host Controller (OHCI) Driver
[    0.987248] ohci-pci: OHCI PCI platform driver
[    0.989601] ohci-platform: OHCI generic platform driver
[    0.992118] uhci_hcd: USB Universal Host Controller Interface driver
[    0.995411] i8042: PNP: PS/2 Controller [PNP0303:PS2K,PNP0f03:PS2M] at 0x60,0x64 irq 1,12
[    0.999597] serio: i8042 KBD port at 0x60,0x64 irq 1
[    1.002395] serio: i8042 AUX port at 0x60,0x64 irq 12
[    1.004765] mousedev: PS/2 mouse device common for all mice
[    1.007559] input: AT Translated Set 2 keyboard as /devices/platform/i8042/serio0/input/input2
[    1.012582] rtc_cmos rtc_cmos: rtc core: registered rtc_cmos as rtc0
[    1.016201] rtc_cmos rtc_cmos: alarms up to one day, 114 bytes nvram
[    1.018992] i2c /dev entries driver
[    1.020856] device-mapper: uevent: version 1.0.3
[    1.023252] device-mapper: ioctl: 4.37.0-ioctl (2017-09-20) initialised: dm-devel@redhat.com
[    1.027222] ledtrig-cpu: registered to indicate activity on CPUs
[    1.031899] NET: Registered protocol family 10
[    1.038087] Segment Routing with IPv6
[    1.040629] NET: Registered protocol family 17
[    1.042990] Key type dns_resolver registered
[    1.045456] mce: Using 0 MCE banks
[    1.047096] RAS: Correctable Errors collector initialized.
[    1.049577] sched_clock: Marking stable (1049553447, 0)->(1652542028, -602988581)
[    1.053527] registered taskstats version 1
[    1.055395] Loading compiled-in X.509 certificates
[    1.059765] Loaded X.509 cert 'Build time autogenerated kernel key: d019e8c5f4cbc828f6af43369f65a014a3a68371'
[    1.064270] zswap: loaded using pool lzo/zbud
[    1.069451] Key type big_key registered
[    1.071935] Key type trusted registered
[    1.075765] Key type encrypted registered
[    1.078047] AppArmor: AppArmor sha1 policy hashing enabled
[    1.080583] ima: No TPM chip found, activating TPM-bypass! (rc=-19)
[    1.083306] ima: Allocated hash algorithm: sha1
[    1.085588] evm: HMAC attrs: 0x1
[    1.087301]   Magic number: 12:363:400
[    1.089111] rtc_cmos rtc_cmos: setting system clock to 2020-03-31 21:21:37 UTC (1585689697)
[    1.092975] BIOS EDD facility v0.16 2004-Jun-25, 0 devices found
[    1.095773] EDD information not available.
[    1.131344] Freeing unused kernel image memory: 2432K
[    1.157598] Write protecting the kernel read-only data: 20480k
[    1.164297] Freeing unused kernel image memory: 2008K
[    1.166851] Freeing unused kernel image memory: 1880K
[    1.177670] x86/mm: Checked W+X mappings: passed, no W+X pages found.
[    1.182191] x86/mm: Checking user space page tables
[    1.192927] x86/mm: Checked W+X mappings: passed, no W+X pages found.
Loading, please wait...
starting version 237
[    1.288846] Fusion MPT base driver 3.04.20
[    1.292179] Copyright (c) 1999-2008 LSI Corporation
[    1.300642] e1000: Intel(R) PRO/1000 Network Driver - version 7.3.21-k8-NAPI
[    1.305035] e1000: Copyright (c) 1999-2006 Intel Corporation.
[    1.309836] AVX2 version of gcm_enc/dec engaged.
[    1.312573] AES CTR mode by8 optimization enabled
[    1.328879] Fusion MPT SPI Host driver 3.04.20
[    1.508274] input: ImExPS/2 Generic Explorer Mouse as /devices/platform/i8042/serio1/input/input4
[    1.721497] e1000 0000:00:03.0 eth0: (PCI:33MHz:32-bit) 02:39:67:45:9c:e6
[    1.726123] e1000 0000:00:03.0 eth0: Intel(R) PRO/1000 Network Connection
[    1.730489] mptbase: ioc0: Initiating bringup
[    1.733630] e1000 0000:00:03.0 enp0s3: renamed from eth0
[    1.833554] ioc0: LSI53C1030 A0: Capabilities={Initiator}
[    2.089618] scsi host2: ioc0: LSI53C1030 A0, FwRev=00000000h, Ports=1, MaxQ=256, IRQ=20
[    2.277511] scsi 2:0:0:0: Direct-Access     VBOX     HARDDISK         1.0  PQ: 0 ANSI: 5
[    2.332049] scsi target2:0:0: Beginning Domain Validation
[    2.350694] scsi target2:0:0: Domain Validation skipping write tests
[    2.360408] scsi target2:0:0: Ending Domain Validation
[    2.367382] scsi target2:0:0: asynchronous
[    2.377315] scsi 2:0:1:0: Direct-Access     VBOX     HARDDISK         1.0  PQ: 0 ANSI: 5
[    2.420217] scsi target2:0:1: Beginning Domain Validation
[    2.425928] random: fast init done
[    2.429027] scsi target2:0:1: Domain Validation skipping write tests
[    2.432377] scsi target2:0:1: Ending Domain Validation
[    2.434789] scsi target2:0:1: asynchronous
[    2.459639] random: systemd-udevd: uninitialized urandom read (16 bytes read)
[    2.463529] sd 2:0:0:0: Attached scsi generic sg0 type 0
[    2.463624] random: systemd-udevd: uninitialized urandom read (16 bytes read)
[    2.469762] random: systemd-udevd: uninitialized urandom read (16 bytes read)
[    2.469769] sd 2:0:0:0: [sda] 20971520 512-byte logical blocks: (10.7 GB/10.0 GiB)
[    2.474211] sd 2:0:1:0: Attached scsi generic sg1 type 0
[    2.482381] sd 2:0:0:0: [sda] Write Protect is off
[    2.485324] sd 2:0:1:0: [sdb] 20480 512-byte logical blocks: (10.5 MB/10.0 MiB)
[    2.488902] sd 2:0:1:0: [sdb] Write Protect is off
[    2.491827] sd 2:0:0:0: [sda] Incomplete mode parameter data
[    2.494461] sd 2:0:0:0: [sda] Assuming drive cache: write through
[    2.497262] sd 2:0:1:0: [sdb] Incomplete mode parameter data
[    2.500367] sd 2:0:1:0: [sdb] Assuming drive cache: write through
[    2.504945]  sda: sda1
[    2.507341] sd 2:0:0:0: [sda] Attached SCSI disk
[    2.510121] sd 2:0:1:0: [sdb] Attached SCSI disk
Begin: Loading essential drivers ... [    4.144352] raid6: sse2x1   gen() 11483 MB/s
[    4.192138] raid6: sse2x1   xor()  8276 MB/s
[    4.240017] raid6: sse2x2   gen() 14338 MB/s
[    4.288801] raid6: sse2x2   xor()  9700 MB/s
[    4.336619] raid6: sse2x4   gen() 16502 MB/s
[    4.388378] raid6: sse2x4   xor() 10178 MB/s
[    4.436141] raid6: avx2x1   gen() 22185 MB/s
[    4.484014] raid6: avx2x1   xor() 16082 MB/s
[    4.532789] raid6: avx2x2   gen() 27264 MB/s
[    4.580625] raid6: avx2x2   xor() 17872 MB/s
[    4.628459] raid6: avx2x4   gen() 32438 MB/s
[    4.677217] raid6: avx2x4   xor() 20240 MB/s
[    4.680689] raid6: using algorithm avx2x4 gen() 32438 MB/s
[    4.683122] raid6: .... xor() 20240 MB/s, rmw enabled
[    4.685391] raid6: using avx2x2 recovery algorithm
[    4.688789] xor: automatically using best checksumming function   avx       
[    4.693954] async_tx: api initialized (async)
done.
Begin: Running /scripts/init-premount ... done.
Begin: Mounting root file system ... Begin: Running /scripts/local-top ... done.
Begin: Running /scripts/local-premount ... [    4.741480] Btrfs loaded, crc32c=crc32c-intel
Scanning for Btrfs filesystems
done.
Warning: fsck not present, so skipping root file system
[    4.771492] EXT4-fs (sda1): mounted filesystem with ordered data mode. Opts: (null)
done.
Begin: Running /scripts/local-bottom ... done.
Begin: Running /scripts/init-bottom ... done.
[    4.938460] ip_tables: (C) 2000-2006 Netfilter Core Team
[    4.950399] systemd[1]: systemd 237 running in system mode. (+PAM +AUDIT +SELINUX +IMA +APPARMOR +SMACK +SYSVINIT +UTMP +LIBCRYPTSETUP +GCRYPT +GNUTLS +ACL +XZ +LZ4 +SECCOMP +BLKID +ELFUTILS +KMOD -IDN2 +IDN -PCRE2 default-hierarchy=hybrid)
[    4.961418] systemd[1]: Detected virtualization oracle.
[    4.963791] systemd[1]: Detected architecture x86-64.

Welcome to [1mUbuntu 18.04.4 LTS[0m!

[    4.980860] systemd[1]: Set hostname to <ubuntu>.
[    4.987118] systemd[1]: Initializing machine ID from random generator.
[    4.990579] systemd[1]: Installed transient /etc/machine-id file.
[    5.268852] systemd[1]: Created slice System Slice.
[[0;32m  OK  [0m] Created slice System Slice.
[    5.284839] systemd[1]: Listening on /dev/initctl Compatibility Named Pipe.
[[0;32m  OK  [0m] Listening on /dev/initctl Compatibility Named Pipe.
[    5.300706] systemd[1]: Listening on udev Control Socket.
[[0;32m  OK  [0m] Listening on udev Control Socket.
[    5.316808] systemd[1]: Listening on Journal Socket (/dev/log).
[[0;32m  OK  [0m] Listening on Journal Socket (/dev/log).
[[0;32m  OK  [0m] Listening on Journal Socket.
         Starting Create list of required st…ce nodes for the current kernel...
         Starting Remount Root and Kernel File Systems...
[    5.369495] EXT4-fs (sda1): re-mounted. Opts: (null)
         Mounting Kernel Debug File System...
[[0;32m  OK  [0m] Listening on LVM2 poll daemon socket.
[[0;32m  OK  [0m] Listening on Journal Audit Socket.
[[0;32m  OK  [0m] Created slice User and Session Slice.
         Mounting POSIX Message Queue File System...
[[0;32m  OK  [0m] Listening on Network Service Netlink Socket.
[[0;32m  OK  [0m] Started Forward Password Requests to Wall Directory Watch.
[[0;32m  OK  [0m] Reached target User and Group Name Lookups.
[[0;32m  OK  [0m] Reached target Swap.
[[0;32m  OK  [0m] Set up automount Arbitrary Executab…rmats File System Automount Point.
[[0;32m  OK  [0m] Listening on Device-mapper event daemon FIFOs.
[[0;32m  OK  [0m] Listening on LVM2 metadata daemon socket.
[[0;32m  OK  [0m] Created slice system-serial\x2dgetty.slice.
         Starting Load Kernel Modules...
         Starting Uncomplicated firewall...
         Starting Set the console keyboard layout...
         Starting Monitoring of LVM2 mirrors…ng dmeventd or progress polling..[    5.935536] Loading iSCSI transport class v2.0-870.
.
         Mounting Huge Pages File System...
[[0;32m  OK  [0m] Reached target Slices.
[[0;32m  OK  [0m] Listening on Syslog Socket.
         Starting Journal Service...
[    5.985716] iscsi: registered transport (tcp)
[[0;32m  OK  [0m] Reached target System Time Synchronized.
[    6.004443] iscsi: registered transport (iser)
[[0;32m  OK  [0m] Listening on udev Kernel Socket.
         Starting udev Coldplug all Devices...
[[0;32m  OK  [0m] Started Create list of required sta…vice nodes for the current kernel.
[[0;32m  OK  [0m] Started Remount Root and Kernel File Systems.
[[0;32m  OK  [0m] Mounted Kernel Debug File System.
[[0;32m  OK  [0m] Mounted POSIX Message Queue File System.
[[0;32m  OK  [0m] Started Journal Service.
[[0;32m  OK  [0m] Started Load Kernel Modules.
[[0;32m  OK  [0m] Started Uncomplicated firewall.
[[0;32m  OK  [0m] Mounted Huge Pages File System.
[[0;32m  OK  [0m] Started LVM2 metadata daemon.
         Starting Apply Kernel Variables...
         Mounting FUSE Control File System...
         Mounting Kernel Configuration File System...
         Starting Flush Journal to Persistent Storage...
         Starting Load/Save Random Seed...
         Starting Create Static Device Nodes in /dev...
[[0;32m  OK  [0m] Started Set the console keyboard layout.
[[0;32m  OK  [0m] Started Monitoring of LVM2 mirrors,…sing dmeventd or progress polling.
[[0;32m  OK  [0m] Started udev Coldplug all Devices.
[[0;32m  OK  [0m] Started Apply Kernel Variables.
[[0;32m  OK  [0m] Mounted FUSE Control File System.
[[0;32m  OK  [0m] Mounted Kernel Configuration File System.
[[0;32m  OK  [0m] Started Load/Save Random Seed.
[[0;32m  OK  [0m] Started Create Static Device Nodes in /dev.
         Starting udev Kernel Device Manager...
[[0;32m  OK  [0m] Reached target Local File Systems (Pre).
[[0;32m  OK  [0m] Reached target Local File Systems.
         Starting ebtables ruleset management...
         Starting Tell Plymouth To Write Out Runtime Data...
         Starting Set console font and keymap...
         Starting Commit a transient machine-id on disk...
         Starting AppArmor initialization...
[[0;32m  OK  [0m] Started udev Kernel Device Manager.
[[0;32m  OK  [0m] Started Tell Plymouth To Write Out Runtime Data.
[[0;32m  OK  [0m] Started Set console font and keymap.
[[0;32m  OK  [0m] Started Dispatch Password Requests to Console Directory Watch.
[[0;32m  OK  [0m] Reached target Local Encrypted Volumes.
[[0;32m  OK  [0m] Started Commit a transient machine-id on disk.
[[0;32m  OK  [0m] Started Flush Journal to Persistent Storage.
         Starting Create Volatile Files and Directories...
[[0;32m  OK  [0m] Started ebtables ruleset management.
[[0;32m  OK  [0m] Found device /dev/ttyS0.
[[0;32m  OK  [0m] Started Create Volatile Files and Directories.
         Starting Update UTMP about System Boot/Shutdown...
[[0;32m  OK  [0m] Started Update UTMP about System Boot/Shutdown.
[[0;32m  OK  [0m] Listening on Load/Save RF Kill Switch Status /dev/rfkill Watch.
[[0;32m  OK  [0m] Started AppArmor initialization.
         Starting Initial cloud-init job (pre-networking)...
[    9.405580] cloud-init[539]: Cloud-init v. 19.4-33-gbb4131a2-0ubuntu1~18.04.1 running 'init-local' at Tue, 31 Mar 2020 21:21:45 +0000. Up 8.95 seconds.
[[0;32m  OK  [0m] Started Initial cloud-init job (pre-networking).
[[0;32m  OK  [0m] Reached target Network (Pre).
         Starting Network Service...
[[0;32m  OK  [0m] Started Network Service.
         Starting Network Name Resolution...
         Starting Wait for Network to be Configured...
[[0;32m  OK  [0m] Started Network Name Resolution.
[[0;32m  OK  [0m] Reached target Host and Network Name Lookups.
[[0;32m  OK  [0m] Reached target Network.
[[0;32m  OK  [0m] Started Wait for Network to be Configured.
         Starting Initial cloud-init job (metadata service crawler)...
[   11.347755] cloud-init[665]: Cloud-init v. 19.4-33-gbb4131a2-0ubuntu1~18.04.1 running 'init' at Tue, 31 Mar 2020 21:21:47 +0000. Up 11.13 seconds.
[   11.349398] cloud-init[665]: ci-info: ++++++++++++++++++++++++++++++++++++++Net device info++++++++++++++++++++++++++++++++++++++
[   11.364971] cloud-init[665]: ci-info: +--------+------+----------------------------+---------------+--------+-------------------+
[   11.376496] cloud-init[665]: ci-info: | Device |  Up  |          Address           |      Mask     | Scope  |     Hw-Address    |
[   11.388629] cloud-init[665]: ci-info: +--------+------+----------------------------+---------------+--------+-------------------+
[   11.404149] cloud-init[665]: ci-info: | enp0s3 | True |         10.0.2.15          | 255.255.255.0 | global | 02:39:67:45:9c:e6 |
[   11.420401] cloud-init[665]: ci-info: | enp0s3 | True | fe80::39:67ff:fe45:9ce6/64 |       .       |  link  | 02:39:67:45:9c:e6 |
[   11.432545] cloud-init[665]: ci-info: |   lo   | True |         127.0.0.1          |   255.0.0.0   |  host  |         .         |
[   11.444705] cloud-init[665]: ci-info: |   lo   | True |          ::1/128           |       .       |  host  |         .         |
[   11.456323] cloud-init[665]: ci-info: +--------+------+----------------------------+---------------+--------+-------------------+
[   11.469254] cloud-init[665]: ci-info: ++++++++++++++++++++++++++++Route IPv4 info+++++++++++++++++++++++++++++
[   11.480787] cloud-init[665]: ci-info: +-------+-------------+----------+-----------------+-----------+-------+
[   11.492837] cloud-init[665]: ci-info: | Route | Destination | Gateway  |     Genmask     | Interface | Flags |
[   11.504212] cloud-init[665]: ci-info: +-------+-------------+----------+-----------------+-----------+-------+
[   11.516441] cloud-init[665]: ci-info: |   0   |   0.0.0.0   | 10.0.2.2 |     0.0.0.0     |   enp0s3  |   UG  |
[   11.528663] cloud-init[665]: ci-info: |   1   |   10.0.2.0  | 0.0.0.0  |  255.255.255.0  |   enp0s3  |   U   |
[   11.540416] cloud-init[665]: ci-info: |   2   |   10.0.2.2  | 0.0.0.0  | 255.255.255.255 |   enp0s3  |   UH  |
[   11.552241] cloud-init[665]: ci-info: +-------+-------------+----------+-----------------+-----------+-------+
[   11.564192] cloud-init[665]: ci-info: +++++++++++++++++++Route IPv6 info+++++++++++++++++++
[   11.576594] cloud-init[665]: ci-info: +-------+-------------+---------+-----------+-------+
[   11.588626] cloud-init[665]: ci-info: | Route | Destination | Gateway | Interface | Flags |
[   11.620020] cloud-init[665]: ci-info: +-------+-------------+---------+-----------+-------+
[   11.632135] cloud-init[665]: ci-info: |   1   |  fe80::/64  |    ::   |   enp0s3  |   U   |
[   11.644337] cloud-init[665]: ci-info: |   3   |    local    |    ::   |   enp0s3  |   U   |
[   11.657111] cloud-init[665]: ci-info: |   4   |   ff00::/8  |    ::   |   enp0s3  |   U   |
[   11.669508] cloud-init[665]: ci-info: +-------+-------------+---------+-----------+-------+
[   12.026166] cloud-init[665]: Generating public/private rsa key pair.
[   12.036382] cloud-init[665]: Your identification has been saved in /etc/ssh/ssh_host_rsa_key.
[   12.048518] cloud-init[665]: Your public key has been saved in /etc/ssh/ssh_host_rsa_key.pub.
[   12.064632] cloud-init[665]: The key fingerprint is:
[   12.076398] cloud-init[665]: SHA256:DjPRPVBMA5HiVNcfTXBtZA5aE1okzeyDALg3J2YSuZo root@ubuntu-bionic
[[0;32m  OK  [0m] Started Initial cloud-init job (metadata service crawler).
[   12.088587] cloud-init[665]: The key's randomart image is:
[[   12.173588] [0;32m  OK  [0mcloud-init] [665]: Reached target Network is Online.+---[RSA 2048]----+

[   12.173662] cloud-init[665]: |       +*O=..=O**|
         [   12.196388] Starting Availability of block devices...cloud-init
[665]: |      *..+o..*=*+|
[[0;32m  OK  [0m] Reached target Remote File Systems (Pre).
[[   12.212918] [0;32m  OK  [0mcloud-init] [665]: Reached target Remote File Systems.|     o.=. o.o+ o.|

[[   12.236464] cloud-init[665]: |      =.* ... +  |
[   12.236952] cloud-init[665]: |     o+=S+     . |
[   12.237212] cloud-init[665]: |    E  =         |
[0;32m  OK  [0m] Reached target System Initialization.
[   12.237390] cloud-init[665]: |        .        |
[[0;32m  OK  [0m[   12.274070] ] cloud-initListening on Open-iSCSI iscsid Socket.[665]: 
|                 |
         [   12.288462] Starting LXD - unix socket.cloud-init
[665]: |                 |
[[0;32m  OK  [0m] Listening on UUID daemon activation socket.
[   12.304615] cloud-init[665]: +----[SHA256]-----+
[[0;32m  OK  [0m[   12.320669] ] cloud-initStarted Message of the Day.
[665]: Generating public/private dsa key pair.
[[0;32m  OK  [0m[   12.332390] ] cloud-initListening on D-Bus System Message Bus Socket.[665]: 
Your identification has been saved in /etc/ssh/ssh_host_dsa_key.
         [   12.344217] Starting Socket activation for snappy daemon.cloud-init
[665]: Your public key has been saved in /etc/ssh/ssh_host_dsa_key.pub.
[[0;32m  OK  [0m] Listening on ACPID Listen Socket.
[   12.420258] cloud-init[665]: The key fingerprint is:
[[0;32m  OK  [0m] Started Daily apt download activities.
[   12.432927] cloud-init[665]: SHA256:wazIP0hk0g4nVbkTSnv5ATDfmwLbLBYKfXxt6+98raw root@ubuntu-bionic
[   12.433041] cloud-init[665]: The key's randomart image is:
[[   12.456476] [0;32m  OK  [0mcloud-init] [665]: Started Discard unused blocks once a week.+---[DSA 1024]----+

[[0;32m  OK  [0m] Started ACPI Events Check.
[[   12.532631] cloud-init[665]: |    +o..         |
[0;32m  OK  [0m] Reached target Paths.
[[   12.547400] cloud-init[665]: | . +.o+=         |
[0;32m  OK  [0m] Started Daily Cleanup of Temporary Directories.
[   12.564806] cloud-init[665]: |. =.Xoo=B        |
[[   12.593066] [0;32m  OK  [0mcloud-init] [665]: Started Daily apt upgrade and clean activities.| . %oO=o.=       |

[[   12.593134] [0;32m  OK  [0mcloud-init] [665]: Reached target Timers.|  . O.=oS.       |

[[   12.676913] [0;32m  OK  [0mcloud-init] [665]: Reached target Cloud-config availability.|   o + o.        |

[   12.677014] cloud-init[665]: |    . o .    .   |
[[0;32m  OK  [0m] Started Availability of block devices.
[   12.704454] cloud-init[665]: |       . o .. .  |
[[   12.716192] [0;32m  OK  [0mcloud-init] [665]: |         .Eoo.   |
Listening on LXD - unix socket.
[   12.716274] cloud-init[665]: +----[SHA256]-----+
[[   12.740907] [0;32m  OK  [0mcloud-init] [665]: Listening on Socket activation for snappy daemon.Generating public/private ecdsa key pair.

[   12.741007] cloud-init[665]: Your identification has been saved in /etc/ssh/ssh_host_ecdsa_key.
[[   12.764293] cloud-init[665]: Your public key has been saved in /etc/ssh/ssh_host_ecdsa_key.pub.
[0;32m  OK  [0m] Reached target Sockets.
[   12.764399] cloud-init[665]: The key fingerprint is:
[[0;32m  OK  [0m] Reached target Basic System.
[   12.777091] cloud-init[665]: SHA256:H/UvEwnHVLqmeapJ8cZpboY5fGGGnB3vVEp8dBIpmQM root@ubuntu-bionic
         [   12.788687] Starting LSB: automatic crash report generation...cloud-init
[665]: The key's randomart image is:
[   12.800481] cloud-init[665]: +---[ECDSA 256]---+
[   12.800562] cloud-init[665]: |          E. oo+.|
[[0;32m  OK  [0m] Started Deferred execution scheduler.
[   12.800618] cloud-init[665]: |            =oo.o|
[[   12.888195] [0;32m  OK  [0mcloud-init] [665]: Started irqbalance daemon.|            o++o.|

[   12.900380] cloud-init[665]: |           ..+ooo|
[[   12.900445] [0;32m  OK  [0mcloud-init] [665]: Started D-Bus System Message Bus.|        S.o+ +*+ |

[   12.900507] cloud-init[665]: |         .+===+o |
         [   12.928219] cloud-init[665]: |         .o=O++ .|
[   12.928357] cloud-init[665]: |         .==+o.o |
Starting Snappy daemon...
[   12.928417] cloud-init[665]: |          o*o    |
         [   12.952182] Starting LSB: Record successful boot for GRUB...cloud-init
[665]: +----[SHA256]-----+
[   12.953342] cloud-init[665]: Generating public/private ed25519 key pair.
         Starting Accounts Service...
[   12.970610] cloud-init[665]: Your identification has been saved in /etc/ssh/ssh_host_ed25519_key.
[   12.984261] cloud-init[665]: Your public key has been saved in /etc/ssh/ssh_host_ed25519_key.pub.
[   12.996156] cloud-init[665]: The key fingerprint is:
         Starting Dispatcher daemon for systemd-networkd...
[   13.090619] cloud-init[665]: SHA256:cjadO1xQItdagZ4cG1gDgY/YB3QekNv+2pXZv8I+LVE root@ubuntu-bionic
         Starting Login Service...
         Starting Permit User Sessions...
[   13.111533] [[0;32m  OK  [0m] Started Regular background program processing daemon.
cloud-init[665]: The key's randomart image is:
         Starting Pollinate to seed the pseudo random number generator...
[[0;32m  OK  [0m] Started FUSE filesystem for LXC.
[   13.132480] cloud-init[665]: +--[ED25519 256]--+
         [   13.147786] cloud-init[665]: |     .o+*==oo.   |
[   13.147904] cloud-init[665]: |      +o.+++o    |
Starting Virtualbox guest utils...
[   13.147976] cloud-init[665]: |     o *.o.B     |
         Starting System Logging Service...
[   13.150593] cloud-init[665]: |    . + +.*o   E |
[   13.192671] cloud-init[665]: |      .oS o . .  |
[   13.194094] cloud-init[665]: |       +.o o =   |
         [   13.204405] Starting LXD - container startup/shutdown...cloud-init
[665]: |         .+ = +  |
[[0;32m  OK  [0m] Started Permit User Sessions.
[   13.271122] cloud-init[665]: |         ..o = o |
[[0;32m  OK  [0m] Started System Logging Service.
[   13.305168] cloud-init[665]: |        ... ..+.o|
[   13.338625] cloud-init[665]: +----[SHA256]-----+
[[0;32m  OK  [0m] Started Login Service.
[[0;32m  OK  [0m] Started Unattended Upgrades Shutdown.
         Starting Authorization Manager...
         Starting Hold until boot process finishes up...
         Starting Terminate Plymouth Boot Screen...
[[0;32m  OK  [0m] Started LSB: automatic crash report generation.
[[0;32m  OK  [0m] Started Hold until boot process finishes up.
[[0;32m  OK  [0m] Started Terminate Plymouth Boot Screen.
         Starting Set console scheme...
[[0;32m  OK  [0m] Started Serial Getty on ttyS0.
[[0;32m  OK  [0m] Started LSB: Record successful boot for GRUB.
[[0;32m  OK  [0m] Started Authorization Manager.
[[0;32m  OK  [0m] Started Accounts Service.
[[0;32m  OK  [0m] Started Set console scheme.
[[0;32m  OK  [0m] Started Dispatcher daemon for systemd-networkd.
[[0;32m  OK  [0m] Created slice system-getty.slice.
[[0;32m  OK  [0m] Started Getty on tty1.
[[0;32m  OK  [0m] Reached target Login Prompts.
[[0;32m  OK  [0m] Started Snappy daemon.
[[0;32m  OK  [0m] Started Virtualbox guest utils.
[[0;32m  OK  [0m] Started LXD - container startup/shutdown.
         Starting Wait until snapd is fully seeded...
[[0;32m  OK  [0m] Started Pollinate to seed the pseudo random number generator.
         Starting OpenBSD Secure Shell server...
[[0;32m  OK  [0m] Started OpenBSD Secure Shell server.
[[0;32m  OK  [0m] Created slice User Slice of vagrant.
         Starting User Manager for UID 1000...
[[0;32m  OK  [0m] Started Session 1 of user vagrant.
[[0;32m  OK  [0m] Started User Manager for UID 1000.
[[0;32m  OK  [0m] Started Wait until snapd is fully seeded.
[[0;32m  OK  [0m] Reached target Multi-User System.
[[0;32m  OK  [0m] Reached target Graphical Interface.
         Starting Update UTMP about System Runlevel Changes...
         Starting Apply the settings specified in cloud-config...
[[0;32m  OK  [0m] Started Update UTMP about System Runlevel Changes.
[   17.564184] cloud-init[1298]: Cloud-init v. 19.4-33-gbb4131a2-0ubuntu1~18.04.1 running 'modules:config' at Tue, 31 Mar 2020 21:21:52 +0000. Up 16.53 seconds.
[[0;32m  OK  [0m] Started Apply the settings specified in cloud-config.
         Starting Execute cloud user/final scripts...
ci-info: no authorized SSH keys fingerprints found for user ubuntu.
<14>Mar 31 21:21:54 ec2: 
<14>Mar 31 21:21:54 ec2: #############################################################
<14>Mar 31 21:21:54 ec2: -----BEGIN SSH HOST KEY FINGERPRINTS-----
<14>Mar 31 21:21:54 ec2: 1024 SHA256:wazIP0hk0g4nVbkTSnv5ATDfmwLbLBYKfXxt6+98raw root@ubuntu-bionic (DSA)
<14>Mar 31 21:21:54 ec2: 256 SHA256:H/UvEwnHVLqmeapJ8cZpboY5fGGGnB3vVEp8dBIpmQM root@ubuntu-bionic (ECDSA)
<14>Mar 31 21:21:54 ec2: 256 SHA256:cjadO1xQItdagZ4cG1gDgY/YB3QekNv+2pXZv8I+LVE root@ubuntu-bionic (ED25519)
<14>Mar 31 21:21:54 ec2: 2048 SHA256:DjPRPVBMA5HiVNcfTXBtZA5aE1okzeyDALg3J2YSuZo root@ubuntu-bionic (RSA)
<14>Mar 31 21:21:54 ec2: -----END SSH HOST KEY FINGERPRINTS-----
<14>Mar 31 21:21:54 ec2: #############################################################
-----BEGIN SSH HOST KEY KEYS-----
ecdsa-sha2-nistp256 AAAAE2VjZHNhLXNoYTItbmlzdHAyNTYAAAAIbmlzdHAyNTYAAABBBB29uIXEH4v8A2s38oW7XcsMAbkmthBWX5TRkNLKCvZ74fDx7gI+GbbDBnDCqfkRxRkmANBpksQkhkG1I1idLsM= root@ubuntu-bionic
ssh-ed25519 AAAAC3NzaC1lZDI1NTE5AAAAINxtCETdlY+vkqRHj8gi1OBf5BmPsIIAUWFKwv9Bueqc root@ubuntu-bionic
ssh-rsa AAAAB3NzaC1yc2EAAAADAQABAAABAQDeOAmxxTR/mrmYkYWngaG17bapQq6/2dnM7x05f81rHmEe5aoB61GEl5FICXIN/wA/BgEBQVkpLqe8G9QmO8TnqPQRtPHXWkG31ygIzk2FiWGcechz1wOITUg2kYdOcG8GlVns+1Qh4sPkbLp8YnjphEoPA+C+ImdSZw1SJAKxApwBEEwOuNQ+0wSfPL8RVZbrXE5YAsIl2cUzq94xTKW6qEvYYiKVws5MYjCaQngFbgbFNLyDjYH0U/xlk8zYIyutGYYNB7h0Ef7u4CIPsNbGK4sum7UfzT6iKf28SIHO/702BX8jP3+UhxllVuC6sTCZ4ztrmM6gKmhImZg9o6t5 root@ubuntu-bionic
-----END SSH HOST KEY KEYS-----
[   18.374360] cloud-init[1408]: Cloud-init v. 19.4-33-gbb4131a2-0ubuntu1~18.04.1 running 'modules:final' at Tue, 31 Mar 2020 21:21:54 +0000. Up 18.16 seconds.
[   18.384536] cloud-init[1408]: ci-info: no authorized SSH keys fingerprints found for user ubuntu.
[   18.396666] cloud-init[1408]: Cloud-init v. 19.4-33-gbb4131a2-0ubuntu1~18.04.1 finished at Tue, 31 Mar 2020 21:21:54 +0000. Datasource DataSourceNoCloud [seed=/dev/sdb][dsmode=net].  Up 18.36 seconds
[[0;32m  OK  [0m] Started Execute cloud user/final scripts.
[[0;32m  OK  [0m] Reached target Cloud-init target.

Ubuntu 18.04.4 LTS ubuntu-bionic ttyS0

ubuntu-bionic login: 